#
# An unexpected error has been detected by Java Runtime Environment:
#
#  EXCEPTION_ACCESS_VIOLATION (0xc0000005) at pc=0x07861a9b, pid=3908, tid=5060
#
# Java VM: Java HotSpot(TM) Client VM (10.0-b23 mixed mode, sharing windows-x86)
# Problematic frame:
# C  [jmddraw.dll+0x1a9b]
#
# If you would like to submit a bug report, please visit:
#   http://java.sun.com/webapps/bugreport/crash.jsp
# The crash happened outside the Java Virtual Machine in native code.
# See problematic frame for where to report the bug.
#

---------------  T H R E A D  ---------------

Current thread (0x04ac1800):  JavaThread "Loop thread: com.sun.media.renderer.video.DDRenderer@1c8f91e" [_thread_in_native, id=5060, stack(0x30600000,0x30650000)]

siginfo: ExceptionCode=0xc0000005, writing address 0x00000000

Registers:
EAX=0x00000000, EBX=0x2dab0730, ECX=0x00000000, EDX=0x6d8f299d
ESP=0x3064f728, EBP=0x30561f18, ESI=0x04ac18f4, EDI=0x00000000
EIP=0x07861a9b, EFLAGS=0x00010206

Top of Stack: (sp=0x3064f728)
0x3064f728:   04ac1800 280a3158 3064f878 280a3158
0x3064f738:   2fbb2000 00000000 30561f18 002c9900
0x3064f748:   00000000 6d8f299d 3064f868 00000004
0x3064f758:   04c21ed4 04c21ed8 6d7da0e1 04c21f6e
0x3064f768:   6d7da171 04c22294 00000000 00000000
0x3064f778:   00000000 00000000 000000b0 00000090
0x3064f788:   00000038 00000000 6d7da0e1 04ac1800
0x3064f798:   04ac1800 08a905b8 04a43ffe 04ac1800 

Instructions: (pc=0x07861a9b)
0x07861a8b:   00 50 e8 6b 07 00 00 8b 54 24 28 8b f8 83 c4 04
0x07861a9b:   89 17 8b 43 1c 8d 54 24 24 8b 08 52 8d 54 24 38 


Stack: [0x30600000,0x30650000],  sp=0x3064f728,  free space=317k
Native frames: (J=compiled Java code, j=interpreted, Vv=VM code, C=native code)
C  [jmddraw.dll+0x1a9b]

Java frames: (J=compiled Java code, j=interpreted, Vv=VM code)
v  ~BufferBlob::Interpreter
v  ~BufferBlob::Interpreter
v  ~BufferBlob::Interpreter
v  ~BufferBlob::Interpreter
v  ~BufferBlob::Interpreter
v  ~BufferBlob::Interpreter
v  ~BufferBlob::Interpreter
v  ~BufferBlob::Interpreter
v  ~BufferBlob::StubRoutines (1)

---------------  P R O C E S S  ---------------

Java Threads: ( => current thread )
=>0x04ac1800 JavaThread "Loop thread: com.sun.media.renderer.video.DDRenderer@1c8f91e" [_thread_in_native, id=5060, stack(0x30600000,0x30650000)]
  0x04ac0400 JavaThread "Loop thread: com.sun.media.parser.RawBufferParser$FrameTrack@2e6c66" [_thread_blocked, id=5392, stack(0x07810000,0x07860000)]
  0x04ac0000 JavaThread "Loop thread" [_thread_blocked, id=1348, stack(0x2d9d0000,0x2da20000)]
  0x04abfc00 JavaThread "VFW TransferDataThread" [_thread_blocked, id=3208, stack(0x2d980000,0x2d9d0000)]
  0x04abf400 JavaThread "VFW VideoPollThread" [_thread_blocked, id=5564, stack(0x2d930000,0x2d980000)]
  0x04b1dc00 JavaThread "JMF thread: SendEventQueue: com.sun.media.PlaybackEngine" [_thread_blocked, id=4868, stack(0x077c0000,0x07810000)]
  0x05b0a400 JavaThread "JMF thread: SendEventQueue: com.sun.media.content.unknown.Handler" [_thread_blocked, id=1180, stack(0x07670000,0x076c0000)]
  0x059ce400 JavaThread "VFW Request Thread" [_thread_blocked, id=5508, stack(0x069a0000,0x069f0000)]
  0x04c6cc00 JavaThread "TimerQueue" daemon [_thread_blocked, id=2424, stack(0x06730000,0x06780000)]
  0x0096a000 JavaThread "DestroyJavaVM" [_thread_blocked, id=4152, stack(0x00190000,0x001e0000)]
  0x04abd000 JavaThread "AWT-EventQueue-0" [_thread_blocked, id=3964, stack(0x05140000,0x05190000)]
  0x04abc400 JavaThread "AWT-Shutdown" [_thread_blocked, id=500, stack(0x050a0000,0x050f0000)]
  0x04abc000 JavaThread "Java2D Disposer" daemon [_thread_blocked, id=5880, stack(0x04510000,0x04560000)]
  0x02150800 JavaThread "Low Memory Detector" daemon [_thread_blocked, id=3104, stack(0x04470000,0x044c0000)]
  0x0214a400 JavaThread "CompilerThread0" daemon [_thread_blocked, id=5344, stack(0x04420000,0x04470000)]
  0x02149c00 JavaThread "Attach Listener" daemon [_thread_blocked, id=3004, stack(0x043d0000,0x04420000)]
  0x02149800 JavaThread "Signal Dispatcher" daemon [_thread_blocked, id=4204, stack(0x04380000,0x043d0000)]
  0x02135400 JavaThread "Finalizer" daemon [_thread_blocked, id=5128, stack(0x04330000,0x04380000)]
  0x02134400 JavaThread "Reference Handler" daemon [_thread_blocked, id=5952, stack(0x00910000,0x00960000)]

Other Threads:
  0x02133000 VMThread [stack: 0x008c0000,0x00910000] [id=5216]
  0x02162800 WatcherThread [stack: 0x044c0000,0x04510000] [id=5124]

VM state:not at safepoint (normal execution)

VM Mutex/Monitor currently owned by a thread: None

Heap
 def new generation   total 18176K, used 12802K [0x078d0000, 0x08c80000, 0x0a030000)
  eden space 16192K,  66% used [0x078d0000, 0x08360af8, 0x088a0000)
  from space 1984K, 100% used [0x08a90000, 0x08c80000, 0x08c80000)
  to   space 1984K,   0% used [0x088a0000, 0x088a0000, 0x08a90000)
 tenured generation   total 241984K, used 53944K [0x0a030000, 0x18c80000, 0x278d0000)
   the space 241984K,  22% used [0x0a030000, 0x0d4de080, 0x0d4de200, 0x18c80000)
 compacting perm gen  total 12288K, used 8433K [0x278d0000, 0x284d0000, 0x2b8d0000)
   the space 12288K,  68% used [0x278d0000, 0x2810c578, 0x2810c600, 0x284d0000)
    ro space 8192K,  62% used [0x2b8d0000, 0x2bdd2ba0, 0x2bdd2c00, 0x2c0d0000)
    rw space 12288K,  52% used [0x2c0d0000, 0x2c7188e0, 0x2c718a00, 0x2ccd0000)

Dynamic libraries:
0x00400000 - 0x00423000 	C:\Program Files\Java\jre1.6.0_07\bin\javaw.exe
0x77630000 - 0x77757000 	C:\Windows\system32\ntdll.dll
0x76f10000 - 0x76feb000 	C:\Windows\system32\kernel32.dll
0x77300000 - 0x773c6000 	C:\Windows\system32\ADVAPI32.dll
0x773d0000 - 0x77492000 	C:\Windows\system32\RPCRT4.dll
0x777f0000 - 0x7788d000 	C:\Windows\system32\USER32.dll
0x76000000 - 0x7604b000 	C:\Windows\system32\GDI32.dll
0x77760000 - 0x7777e000 	C:\Windows\system32\IMM32.DLL
0x76e40000 - 0x76f08000 	C:\Windows\system32\MSCTF.dll
0x76d90000 - 0x76e3a000 	C:\Windows\system32\msvcrt.dll
0x77780000 - 0x77789000 	C:\Windows\system32\LPK.DLL
0x77230000 - 0x772ad000 	C:\Windows\system32\USP10.dll
0x7c340000 - 0x7c396000 	C:\Program Files\Java\jre1.6.0_07\bin\msvcr71.dll
0x6d7c0000 - 0x6da10000 	C:\Program Files\Java\jre1.6.0_07\bin\client\jvm.dll
0x74670000 - 0x746a2000 	C:\Windows\system32\WINMM.dll
0x75eb0000 - 0x75ff4000 	C:\Windows\system32\ole32.dll
0x76ff0000 - 0x7707d000 	C:\Windows\system32\OLEAUT32.dll
0x74630000 - 0x74669000 	C:\Windows\system32\OLEACC.dll
0x75ce0000 - 0x75d0c000 	C:\Windows\system32\apphelp.dll
0x6d270000 - 0x6d278000 	C:\Program Files\Java\jre1.6.0_07\bin\hpi.dll
0x75e10000 - 0x75e17000 	C:\Windows\system32\PSAPI.DLL
0x6d770000 - 0x6d77c000 	C:\Program Files\Java\jre1.6.0_07\bin\verify.dll
0x6d310000 - 0x6d32f000 	C:\Program Files\Java\jre1.6.0_07\bin\java.dll
0x6d7b0000 - 0x6d7bf000 	C:\Program Files\Java\jre1.6.0_07\bin\zip.dll
0x6d000000 - 0x6d12e000 	C:\Program Files\Java\jre1.6.0_07\bin\awt.dll
0x72c00000 - 0x72c42000 	C:\Windows\system32\WINSPOOL.DRV
0x74f00000 - 0x74f3f000 	C:\Windows\system32\uxtheme.dll
0x6d210000 - 0x6d263000 	C:\Program Files\Java\jre1.6.0_07\bin\fontmanager.dll
0x76120000 - 0x76c30000 	C:\Windows\system32\shell32.dll
0x76c30000 - 0x76c88000 	C:\Windows\system32\SHLWAPI.dll
0x74c00000 - 0x74d9e000 	C:\Windows\WinSxS\x86_microsoft.windows.common-controls_6595b64144ccf1df_6.0.6001.18000_none_5cdbaa5a083979cc\comctl32.dll
0x6d570000 - 0x6d583000 	C:\Program Files\Java\jre1.6.0_07\bin\net.dll
0x76d60000 - 0x76d8d000 	C:\Windows\system32\WS2_32.dll
0x76050000 - 0x76056000 	C:\Windows\system32\NSI.dll
0x75500000 - 0x7553b000 	C:\Windows\system32\mswsock.dll
0x75560000 - 0x75565000 	C:\Windows\System32\wship6.dll
0x6d590000 - 0x6d599000 	C:\Program Files\Java\jre1.6.0_07\bin\nio.dll
0x75190000 - 0x75195000 	C:\Windows\System32\wshtcpip.dll
0x74600000 - 0x7460f000 	C:\Windows\system32\NLAapi.dll
0x75740000 - 0x75759000 	C:\Windows\system32\IPHLPAPI.DLL
0x75700000 - 0x75735000 	C:\Windows\system32\dhcpcsvc.DLL
0x75980000 - 0x759ac000 	C:\Windows\system32\DNSAPI.dll
0x75d40000 - 0x75d54000 	C:\Windows\system32\Secur32.dll
0x756f0000 - 0x756f7000 	C:\Windows\system32\WINNSI.DLL
0x756c0000 - 0x756e1000 	C:\Windows\system32\dhcpcsvc6.DLL
0x72b10000 - 0x72b1f000 	C:\Windows\system32\napinsp.dll
0x72a70000 - 0x72a82000 	C:\Windows\system32\pnrpnsp.dll
0x72ac0000 - 0x72ac8000 	C:\Windows\System32\winrnr.dll
0x777a0000 - 0x777ea000 	C:\Windows\system32\WLDAP32.dll
0x72b50000 - 0x72b56000 	C:\Windows\system32\rasadhlp.dll
0x6d180000 - 0x6d1a3000 	C:\Program Files\Java\jre1.6.0_07\bin\dcpr.dll
0x6d3b0000 - 0x6d3d4000 	C:\Program Files\Java\jre1.6.0_07\bin\jpeg.dll
0x6d150000 - 0x6d17f000 	C:\Program Files\Java\jre1.6.0_07\bin\cmm.dll
0x05580000 - 0x05595000 	C:\Windows\System32\jmutil.dll
0x055a0000 - 0x055ad000 	C:\Windows\System32\jmvfw.dll
0x6ca00000 - 0x6ca13000 	C:\Windows\system32\AVICAP32.dll
0x75570000 - 0x75578000 	C:\Windows\system32\VERSION.dll
0x6fba0000 - 0x6fbc3000 	C:\Windows\system32\MSVFW32.dll
0x73b20000 - 0x73ba5000 	C:\Windows\WinSxS\x86_microsoft.windows.common-controls_6595b64144ccf1df_5.82.6001.18000_none_886786f450a74a05\COMCTL32.dll
0x6e710000 - 0x6e716000 	C:\Windows\system32\DCIMAN32.DLL
0x74da0000 - 0x74da8000 	C:\Windows\system32\serwvdrv.dll
0x74870000 - 0x74878000 	C:\Windows\system32\umdmxfrm.dll
0x744c0000 - 0x744ef000 	C:\Windows\system32\wdmaud.drv
0x74860000 - 0x74864000 	C:\Windows\system32\ksuser.dll
0x75000000 - 0x75027000 	C:\Windows\system32\MMDevAPI.DLL
0x750c0000 - 0x750c7000 	C:\Windows\system32\AVRT.dll
0x774a0000 - 0x7762a000 	C:\Windows\system32\SETUPAPI.dll
0x74fa0000 - 0x74fcd000 	C:\Windows\system32\WINTRUST.dll
0x757e0000 - 0x758d1000 	C:\Windows\system32\CRYPT32.dll
0x75940000 - 0x75952000 	C:\Windows\system32\MSASN1.dll
0x75d60000 - 0x75d7e000 	C:\Windows\system32\USERENV.dll
0x76060000 - 0x76089000 	C:\Windows\system32\imagehlp.dll
0x74380000 - 0x743a1000 	C:\Windows\system32\AUDIOSES.DLL
0x74220000 - 0x74286000 	C:\Windows\system32\audioeng.dll
0x74490000 - 0x74499000 	C:\Windows\system32\msacm32.drv
0x74320000 - 0x74334000 	C:\Windows\system32\MSACM32.dll
0x74450000 - 0x74457000 	C:\Windows\system32\midimap.dll
0x6c7c0000 - 0x6c7d1000 	C:\Windows\system32\vfwwdm32.dll
0x76090000 - 0x76114000 	C:\Windows\system32\CLBCatQ.DLL
0x72980000 - 0x72993000 	C:\Windows\system32\devenum.dll
0x74400000 - 0x7440b000 	C:\Windows\system32\msdmo.dll
0x72a10000 - 0x72a36000 	C:\Windows\system32\ksproxy.ax
0x70ba0000 - 0x70d5a000 	C:\Windows\system32\d3d9.dll
0x711c0000 - 0x711c6000 	C:\Windows\system32\d3d8thk.dll
0x71220000 - 0x7122c000 	C:\Windows\system32\dwmapi.dll
0x743b0000 - 0x743b9000 	C:\Windows\system32\vidcap.ax
0x729f0000 - 0x72a0a000 	C:\Windows\system32\kswdmcap.ax
0x6ab40000 - 0x6ac5b000 	C:\Windows\system32\MFC42.dll
0x76c90000 - 0x76d60000 	C:\Windows\system32\WININET.dll
0x77790000 - 0x77793000 	C:\Windows\system32\Normaliz.dll
0x772b0000 - 0x772f5000 	C:\Windows\system32\iertutil.dll
0x6c850000 - 0x6c8b5000 	C:\Windows\system32\ODBC32.dll
0x771b0000 - 0x77223000 	C:\Windows\system32\COMDLG32.dll
0x6c680000 - 0x6c6b8000 	C:\Windows\system32\odbcint.dll
0x6c440000 - 0x6c472000 	C:\Windows\system32\qcap.dll
0x6a7c0000 - 0x6a933000 	C:\Windows\system32\quartz.dll
0x74e10000 - 0x74e23000 	C:\Windows\system32\DXVA2.DLL
0x743c0000 - 0x743c9000 	C:\Windows\system32\msyuv.dll
0x07860000 - 0x07868000 	C:\Windows\System32\jmddraw.dll
0x6cc00000 - 0x6cce5000 	C:\Windows\system32\DDRAW.dll
0x70720000 - 0x70b96000 	C:\Windows\system32\SISGRUMD.dll
0x751b0000 - 0x751ca000 	C:\Windows\system32\POWRPROF.dll
0x2d910000 - 0x2d91b000 	C:\Windows\System32\jmvcm.dll
0x75280000 - 0x752bb000 	C:\Windows\system32\rsaenh.dll
0x6d340000 - 0x6d346000 	C:\Program Files\Java\jre1.6.0_07\bin\jawt.dll
0x307b0000 - 0x307b9000 	C:\Windows\System32\jmfjawt.dll
0x6d4d0000 - 0x6d563000 	C:\Program Files\Java\jre1.6.0_07\bin\mlib_image.dll

VM Arguments:
jvm_args: -Xms256m -Xmx512m -Dfile.encoding=Cp1252 
java_command: menuprincipal.TestaMenuPrincipal
Launcher Type: SUN_STANDARD

Environment Variables:
CLASSPATH=.;.;C:\PROGRA~1\JMF21~1.1E\lib\sound.jar;C:\PROGRA~1\JMF21~1.1E\lib\jmf.jar;C:\PROGRA~1\JMF21~1.1E\lib;
PATH=C:/Program Files/Java/jre6/bin/client;C:/Program Files/Java/jre6/bin;C:\Windows\system32;C:\Windows;C:\Windows\System32\Wbem;;C:\Program Files\QuickTime\QTSystem\
USERNAME=Michelly
OS=Windows_NT
PROCESSOR_IDENTIFIER=x86 Family 6 Model 15 Stepping 13, GenuineIntel



---------------  S Y S T E M  ---------------

OS: Windows Vista Build 6001 Service Pack 1

CPU:total 2 (2 cores per cpu, 1 threads per core) family 6 model 15 stepping 13, cmov, cx8, fxsr, mmx, sse, sse2, sse3, ssse3

Memory: 4k page, physical 1962452k(873496k free), swap 4172004k(2549924k free)

vm_info: Java HotSpot(TM) Client VM (10.0-b23) for windows-x86 JRE (1.6.0_07-b06), built on Jun 10 2008 01:14:11 by "java_re" with MS VC++ 7.1

time: Fri Dec 26 20:18:51 2008
elapsed time: 243 seconds

